<?xml version="1.0" encoding="UTF-8"?>
<!-- Generated by org.testng.reporters.JUnitReportReporter -->
<testsuite skipped="0" hostname="ADOD-20181123WG" name="com.jenkins.mytest.Demo2" tests="3" failures="0" timestamp="10 八月 2019 11:00:39 GMT" time="0.011" errors="0">
  <testcase name="test001" time="0.008" classname="com.jenkins.mytest.Demo2"/>
  <testcase name="test003" time="0.001" classname="com.jenkins.mytest.Demo2"/>
  <testcase name="test002" time="0.002" classname="com.jenkins.mytest.Demo2"/>
</testsuite> <!-- com.jenkins.mytest.Demo2 -->
