<?xml version="1.0" encoding="UTF-8" ?>
<testsuite tests="3" failures="0" name="TestSuite" time="0.83" errors="0" skipped="0">
  <properties>
    <property name="java.runtime.name" value="Java(TM) SE Runtime Environment"/>
    <property name="sun.boot.library.path" value="D:\Java\jdk\jdk1.8.0_172\jre\bin"/>
    <property name="java.vm.version" value="25.172-b11"/>
    <property name="java.vm.vendor" value="Oracle Corporation"/>
    <property name="java.vendor.url" value="http://java.oracle.com/"/>
    <property name="path.separator" value=";"/>
    <property name="java.vm.name" value="Java HotSpot(TM) 64-Bit Server VM"/>
    <property name="file.encoding.pkg" value="sun.io"/>
    <property name="user.script" value=""/>
    <property name="user.country" value="CN"/>
    <property name="sun.java.launcher" value="SUN_STANDARD"/>
    <property name="sun.os.patch.level" value="Service Pack 1"/>
    <property name="java.vm.specification.name" value="Java Virtual Machine Specification"/>
    <property name="user.dir" value="E:\1\1\public_test\mytest"/>
    <property name="java.runtime.version" value="1.8.0_172-b11"/>
    <property name="java.awt.graphicsenv" value="sun.awt.Win32GraphicsEnvironment"/>
    <property name="basedir" value="E:\1\1\public_test\mytest"/>
    <property name="java.endorsed.dirs" value="D:\Java\jdk\jdk1.8.0_172\jre\lib\endorsed"/>
    <property name="os.arch" value="amd64"/>
    <property name="surefire.real.class.path" value="E:\1\1\public_test\mytest\target\surefire\surefirebooter4482605475642279318.jar"/>
    <property name="java.io.tmpdir" value="C:\Users\ADMINI~1\AppData\Local\Temp\"/>
    <property name="line.separator" value="
"/>
    <property name="java.vm.specification.vendor" value="Oracle Corporation"/>
    <property name="user.variant" value=""/>
    <property name="os.name" value="Windows 7"/>
    <property name="sun.jnu.encoding" value="GBK"/>
    <property name="java.library.path" value="D:\Java\jdk\jdk1.8.0_172\jre\bin;C:\Windows\Sun\Java\bin;C:\Windows\system32;C:\Windows;E:\Program Files\Maven\apache-maven-3.5.4/bin;D:\Java\jdk\jdk1.8.0_172/bin;D:\Java\jdk\jdk1.8.0_172/bin;C:\Program Files\Python37\Scripts\;C:\Program Files\Python37\;C:\Program Files (x86)\Common Files\Oracle\Java\javapath;.;C:\Windows\system32;C:\Windows;C:\Windows\System32\Wbem;C:\Windows\System32\WindowsPowerShell\v1.0\;D:\Java\jdk\jdk1.8.0_172\bin;D:\Java\jdk\jdk1.8.0_172\jre\bin;D:\android-sdk-windows\platform-tools;D:\android-sdk-windows\tools;C:\Program Files\nodejs\;D:\Program Files (x86)\Microsoft SQL Server\100\Tools\Binn\;D:\Program Files\Microsoft SQL Server\100\Tools\Binn\;D:\Program Files\Microsoft SQL Server\100\DTS\Binn\;D:\Program Files (x86)\Microsoft SQL Server\100\Tools\Binn\VSShell\Common7\IDE\;C:\Program Files (x86)\Microsoft Visual Studio 9.0\Common7\IDE\PrivateAssemblies\;D:\Program Files (x86)\Microsoft SQL Server\100\DTS\Binn\;D:\Program Files\MySQL Server\mysql-8.0.11-winx64\bin;E:\Program Files\TortoiseSVN\bin;E:\Program Files\Maven\apache-maven-3.5.4\bin;C:\Program Files\Git\cmd;D:\Fiddler;C:\Users\Administrator\AppData\Roaming\npm;D:\Fiddler2;."/>
    <property name="surefire.test.class.path" value="E:\1\1\public_test\mytest\target\test-classes;E:\1\1\public_test\mytest\target\classes;C:\Users\Administrator\.m2\repository\junit\junit\3.8.1\junit-3.8.1.jar;C:\Users\Administrator\.m2\repository\org\testng\testng\6.14.2\testng-6.14.2.jar;C:\Users\Administrator\.m2\repository\com\beust\jcommander\1.72\jcommander-1.72.jar;C:\Users\Administrator\.m2\repository\org\apache-extras\beanshell\bsh\2.0b6\bsh-2.0b6.jar;"/>
    <property name="java.specification.name" value="Java Platform API Specification"/>
    <property name="java.class.version" value="52.0"/>
    <property name="sun.management.compiler" value="HotSpot 64-Bit Tiered Compilers"/>
    <property name="os.version" value="6.1"/>
    <property name="user.home" value="C:\Users\Administrator"/>
    <property name="user.timezone" value="Asia/Shanghai"/>
    <property name="java.awt.printerjob" value="sun.awt.windows.WPrinterJob"/>
    <property name="java.specification.version" value="1.8"/>
    <property name="file.encoding" value="GBK"/>
    <property name="user.name" value="Administrator"/>
    <property name="java.class.path" value="E:\1\1\public_test\mytest\target\test-classes;E:\1\1\public_test\mytest\target\classes;C:\Users\Administrator\.m2\repository\junit\junit\3.8.1\junit-3.8.1.jar;C:\Users\Administrator\.m2\repository\org\testng\testng\6.14.2\testng-6.14.2.jar;C:\Users\Administrator\.m2\repository\com\beust\jcommander\1.72\jcommander-1.72.jar;C:\Users\Administrator\.m2\repository\org\apache-extras\beanshell\bsh\2.0b6\bsh-2.0b6.jar;"/>
    <property name="java.vm.specification.version" value="1.8"/>
    <property name="sun.arch.data.model" value="64"/>
    <property name="java.home" value="D:\Java\jdk\jdk1.8.0_172\jre"/>
    <property name="sun.java.command" value="E:\1\1\public_test\mytest\target\surefire\surefirebooter4482605475642279318.jar E:\1\1\public_test\mytest\target\surefire\surefire8175359256331945775tmp E:\1\1\public_test\mytest\target\surefire\surefire1986516713934711135tmp"/>
    <property name="java.specification.vendor" value="Oracle Corporation"/>
    <property name="user.language" value="zh"/>
    <property name="awt.toolkit" value="sun.awt.windows.WToolkit"/>
    <property name="java.vm.info" value="mixed mode"/>
    <property name="java.version" value="1.8.0_172"/>
    <property name="java.ext.dirs" value="D:\Java\jdk\jdk1.8.0_172\jre\lib\ext;C:\Windows\Sun\Java\lib\ext"/>
    <property name="sun.boot.class.path" value="D:\Java\jdk\jdk1.8.0_172\jre\lib\resources.jar;D:\Java\jdk\jdk1.8.0_172\jre\lib\rt.jar;D:\Java\jdk\jdk1.8.0_172\jre\lib\sunrsasign.jar;D:\Java\jdk\jdk1.8.0_172\jre\lib\jsse.jar;D:\Java\jdk\jdk1.8.0_172\jre\lib\jce.jar;D:\Java\jdk\jdk1.8.0_172\jre\lib\charsets.jar;D:\Java\jdk\jdk1.8.0_172\jre\lib\jfr.jar;D:\Java\jdk\jdk1.8.0_172\jre\classes"/>
    <property name="java.vendor" value="Oracle Corporation"/>
    <property name="localRepository" value="C:\Users\Administrator\.m2\repository"/>
    <property name="file.separator" value="\"/>
    <property name="java.vendor.url.bug" value="http://bugreport.sun.com/bugreport/"/>
    <property name="sun.cpu.endian" value="little"/>
    <property name="sun.io.unicode.encoding" value="UnicodeLittle"/>
    <property name="sun.desktop" value="windows"/>
    <property name="sun.cpu.isalist" value="amd64"/>
  </properties>
  <testcase classname="com.jenkins.mytest.Demo2" name="test001" time="0.006"/>
  <testcase classname="com.jenkins.mytest.Demo2" name="test002" time="0"/>
  <testcase classname="com.jenkins.mytest.Demo2" name="test003" time="0"/>
</testsuite>